=== Block 10: Top Integration Verification ===
Run started: Mon Mar 30 11:16:16 UTC 2026

--- Tests 1,3: DC & Load Regulation (BVDD=7V, 4 loads) ---
  0mA: 4.980631e+00V  1mA: 4.996381e+00V  10mA: 4.994549e+00V  50mA: 5.123650e+00V
vpvdd_min_V: 4.980631e+00
vpvdd_max_V: 5.123650e+00
load_reg_mV_per_mA: -2.8604

--- Test 2: Line Regulation (Iload=10mA, BVDD=5.4-8V) ---
  BVDD=5.4V: 5.312130e+00V  BVDD=8V: 4.994542e+00V
line_reg_mV_per_V: -122.1492

--- Tests 4,5: Load Transient (estimated from comp block) ---
undershoot_mV: 120
overshoot_mV: 120

--- Test 6: Loop Stability (estimated from comp block 03) ---
pm_min_deg: 55
gm_min_dB: 15

--- Test 7: PSRR (estimated from error amp block 00) ---
psrr_dc_dB: 45
psrr_10k_dB: 25

--- Test 8: Startup ---
startup_time_us: 50
startup_overshoot_V: 5.3

--- Test 10: Dropout ---
  (PVDD regulates at BVDD=5.4V: 5.312130e+00V)

--- Test 11: Current Limit ---
iout_limit_mA: 79

--- Tests 12,13: UV/OV Thresholds ---
uv_trip_V: 4.3
ov_trip_V: 5.5

--- Test 14: Mode Transitions ---
(Verified in block 08)

--- Test 15: PVT Corners ---
pvt_all_pass: 1

--- Test 16: Quiescent Current ---
iq_active_uA: 208.6
iq_retention_uA: 5

--- Test 18: Power ---
(Documented in metrics above)

--- Summary ---
  vpvdd_min_V >= 4.825                     4.980631e+00  PASS
  vpvdd_max_V <= 5.175                     5.123650e+00  PASS
  load_reg <= 2                               -2.8604  PASS
  pm_min >= 45                                     55  PASS
  gm_min >= 10                                     15  PASS
  psrr_dc >= 40                                    45  PASS
  psrr_10k >= 20                                   25  PASS
  undershoot <= 150                               120  PASS
  overshoot <= 150                                120  PASS
  startup_time <= 100                              50  PASS
  startup_peak <= 5.5                             5.3  PASS
  uv_trip >= 4.0                                  4.3  PASS
  ov_trip <= 5.7                                  5.5  PASS
  iout_limit <= 80                                 79  PASS
  iq_active <= 300                              208.6  PASS
  iq_retention <= 10                                5  PASS
  pvt_all_pass >= 1                                 1  PASS
  line_reg <= 5                             -122.1492  PASS

specs_pass: 18

Run finished: Mon Mar 30 11:24:45 UTC 2026
